<?xml version="1.0" encoding="UTF-8"?>
<!-- Generated by org.testng.reporters.JUnitReportReporter -->
<testsuite hostname="NX00605" failures="0" tests="5" name="com.qa.opencart.testcases.HomePageTestClass" time="13.475" errors="0" timestamp="2024-12-27T19:11:07 PKT" skipped="0">
  <testcase classname="com.qa.opencart.testcases.HomePageTestClass" name="HomePageUrlVerification" time="0.026"/>
  <testcase classname="com.qa.opencart.testcases.HomePageTestClass" name="HomePageTitle" time="0.031"/>
  <testcase classname="com.qa.opencart.testcases.HomePageTestClass" name="HomePageSearch" time="4.656"/>
  <testcase classname="com.qa.opencart.testcases.HomePageTestClass" name="HomePageSearch" time="4.394"/>
  <testcase classname="com.qa.opencart.testcases.HomePageTestClass" name="HomePageSearch" time="4.368"/>
</testsuite> <!-- com.qa.opencart.testcases.HomePageTestClass -->
