<?xml version="1.0" encoding="UTF-8"?>
<!-- Generated by org.testng.reporters.JUnitReportReporter -->
<testsuite hostname="NX00636" failures="0" tests="4" name="com.qa.opencart.testcases.LoginPageTest" time="0.652" errors="0" timestamp="2025-02-21T10:16:30 PKT" skipped="3">
  <testcase classname="com.qa.opencart.testcases.LoginPageTest" name="ArrayOperations" time="0.652"/>
  <testcase classname="com.qa.opencart.testcases.LoginPageTest" name="appLoginTest">
    <skipped/>
  </testcase> <!-- appLoginTest -->
  <testcase classname="com.qa.opencart.testcases.LoginPageTest" name="ForgotLinkExistTest">
    <skipped/>
  </testcase> <!-- ForgotLinkExistTest -->
  <testcase classname="com.qa.opencart.testcases.LoginPageTest" name="loginPageNavigationTest">
    <skipped/>
  </testcase> <!-- loginPageNavigationTest -->
</testsuite> <!-- com.qa.opencart.testcases.LoginPageTest -->
