<?xml version="1.0" encoding="UTF-8"?>
<!-- Generated by org.testng.reporters.JUnitReportReporter -->
<testsuite hostname="BOKJ8F0-Waqas" failures="0" tests="5" name="com.qa.opencart.testcases.LoginPageTest" time="59.708" errors="1" timestamp="2025-02-20T12:09:56 PKT" skipped="4">
  <testcase classname="com.qa.opencart.testcases.LoginPageTest" name="ArrayOperations" time="0.001">
    <skipped/>
  </testcase> <!-- ArrayOperations -->
  <testcase classname="com.qa.opencart.testcases.LoginPageTest" name="Setup" time="59.707">
    <error message="Error {
  message=&#039;Timeout 30000ms exceeded.
  name=&#039;TimeoutError
  stack=&#039;TimeoutError: Timeout 30000ms exceeded.
    at ProgressController.run (C:\Users\Waqas\AppData\Local\Temp\playwright-java-15619235558210275153\package\lib\server\progress.js:75:26)
    at Frame.goto (C:\Users\Waqas\AppData\Local\Temp\playwright-java-15619235558210275153\package\lib\server\frames.js:521:23)
    at FrameDispatcher.goto (C:\Users\Waqas\AppData\Local\Temp\playwright-java-15619235558210275153\package\lib\server\dispatchers\frameDispatcher.js:82:119)
    at FrameDispatcher._handleCommand (C:\Users\Waqas\AppData\Local\Temp\playwright-java-15619235558210275153\package\lib\server\dispatchers\dispatcher.js:94:40)
    at DispatcherConnection.dispatch (C:\Users\Waqas\AppData\Local\Temp\playwright-java-15619235558210275153\package\lib\server\dispatchers\dispatcher.js:361:39)
}
Call log:
-   - navigating to &quot;https://naveenautomationlabs.com/opencart/&quot;, waiting until &quot;load&quot;
" type="com.microsoft.playwright.TimeoutError">
      <![CDATA[com.microsoft.playwright.TimeoutError: Error {
  message='Timeout 30000ms exceeded.
  name='TimeoutError
  stack='TimeoutError: Timeout 30000ms exceeded.
    at ProgressController.run (C:\Users\Waqas\AppData\Local\Temp\playwright-java-15619235558210275153\package\lib\server\progress.js:75:26)
    at Frame.goto (C:\Users\Waqas\AppData\Local\Temp\playwright-java-15619235558210275153\package\lib\server\frames.js:521:23)
    at FrameDispatcher.goto (C:\Users\Waqas\AppData\Local\Temp\playwright-java-15619235558210275153\package\lib\server\dispatchers\frameDispatcher.js:82:119)
    at FrameDispatcher._handleCommand (C:\Users\Waqas\AppData\Local\Temp\playwright-java-15619235558210275153\package\lib\server\dispatchers\dispatcher.js:94:40)
    at DispatcherConnection.dispatch (C:\Users\Waqas\AppData\Local\Temp\playwright-java-15619235558210275153\package\lib\server\dispatchers\dispatcher.js:361:39)
}
Call log:
-   - navigating to "https://naveenautomationlabs.com/opencart/", waiting until "load"

at com.microsoft.playwright.impl.WaitableResult.get(WaitableResult.java:52)
at com.microsoft.playwright.impl.ChannelOwner.runUntil(ChannelOwner.java:132)
at com.microsoft.playwright.impl.Connection.sendMessage(Connection.java:130)
at com.microsoft.playwright.impl.ChannelOwner.sendMessage(ChannelOwner.java:118)
at com.microsoft.playwright.impl.FrameImpl.navigateImpl(FrameImpl.java:463)
at com.microsoft.playwright.impl.PageImpl.lambda$navigate$47(PageImpl.java:943)
at com.microsoft.playwright.impl.LoggingSupport.withLogging(LoggingSupport.java:47)
at com.microsoft.playwright.impl.ChannelOwner.withLogging(ChannelOwner.java:97)
at com.microsoft.playwright.impl.PageImpl.navigate(PageImpl.java:943)
at com.microsoft.playwright.impl.PageImpl.navigate(PageImpl.java:42)
at com.microsoft.playwright.Page.navigate(Page.java:5474)
at com.qa.opencart.factory.PlaywrightFactory.initBrowser(PlaywrightFactory.java:119)
at com.qa.opencart.testcases.BaseTest.Setup(BaseTest.java:26)
at java.base/jdk.internal.reflect.DirectMethodHandleAccessor.invoke(DirectMethodHandleAccessor.java:103)
at java.base/java.lang.reflect.Method.invoke(Method.java:580)
at org.testng.internal.invokers.MethodInvocationHelper.invokeMethod(MethodInvocationHelper.java:141)
at org.testng.internal.invokers.MethodInvocationHelper.invokeMethodConsideringTimeout(MethodInvocationHelper.java:71)
at org.testng.internal.invokers.ConfigInvoker.invokeConfigurationMethod(ConfigInvoker.java:400)
at org.testng.internal.invokers.ConfigInvoker.invokeConfigurations(ConfigInvoker.java:333)
at org.testng.TestRunner.invokeTestConfigurations(TestRunner.java:655)
at org.testng.TestRunner.beforeRun(TestRunner.java:644)
at org.testng.TestRunner.run(TestRunner.java:610)
at org.testng.SuiteRunner.runTest(SuiteRunner.java:421)
at org.testng.SuiteRunner$SuiteWorker.run(SuiteRunner.java:463)
at org.testng.internal.thread.ThreadUtil.lambda$execute$0(ThreadUtil.java:64)
at java.base/java.util.concurrent.FutureTask.run(FutureTask.java:317)
at java.base/java.util.concurrent.ThreadPoolExecutor.runWorker(ThreadPoolExecutor.java:1144)
at java.base/java.util.concurrent.ThreadPoolExecutor$Worker.run(ThreadPoolExecutor.java:642)
at java.base/java.lang.Thread.run(Thread.java:1583)
Caused by: com.microsoft.playwright.TimeoutError: Error {
  message='Timeout 30000ms exceeded.
  name='TimeoutError
  stack='TimeoutError: Timeout 30000ms exceeded.
    at ProgressController.run (C:\Users\Waqas\AppData\Local\Temp\playwright-java-15619235558210275153\package\lib\server\progress.js:75:26)
    at Frame.goto (C:\Users\Waqas\AppData\Local\Temp\playwright-java-15619235558210275153\package\lib\server\frames.js:521:23)
    at FrameDispatcher.goto (C:\Users\Waqas\AppData\Local\Temp\playwright-java-15619235558210275153\package\lib\server\dispatchers\frameDispatcher.js:82:119)
    at FrameDispatcher._handleCommand (C:\Users\Waqas\AppData\Local\Temp\playwright-java-15619235558210275153\package\lib\server\dispatchers\dispatcher.js:94:40)
    at DispatcherConnection.dispatch (C:\Users\Waqas\AppData\Local\Temp\playwright-java-15619235558210275153\package\lib\server\dispatchers\dispatcher.js:361:39)
}
Call log:
-   - navigating to "https://naveenautomationlabs.com/opencart/", waiting until "load"

at com.microsoft.playwright.impl.Connection.dispatch(Connection.java:254)
at com.microsoft.playwright.impl.Connection.processOneMessage(Connection.java:211)
at com.microsoft.playwright.impl.ChannelOwner.runUntil(ChannelOwner.java:130)
... 27 more
]]>
    </error>
  </testcase> <!-- Setup -->
  <testcase classname="com.qa.opencart.testcases.LoginPageTest" name="appLoginTest">
    <skipped/>
  </testcase> <!-- appLoginTest -->
  <testcase classname="com.qa.opencart.testcases.LoginPageTest" name="ForgotLinkExistTest">
    <skipped/>
  </testcase> <!-- ForgotLinkExistTest -->
  <testcase classname="com.qa.opencart.testcases.LoginPageTest" name="loginPageNavigationTest">
    <skipped/>
  </testcase> <!-- loginPageNavigationTest -->
</testsuite> <!-- com.qa.opencart.testcases.LoginPageTest -->
