<?xml version="1.0" encoding="UTF-8"?>
<!-- Generated by org.testng.reporters.JUnitReportReporter -->
<testsuite hostname="NX00636" failures="0" tests="5" name="com.qa.opencart.testcases.HomePageTestClass" time="13.029" errors="0" timestamp="2025-02-21T10:16:30 PKT" skipped="0">
  <testcase classname="com.qa.opencart.testcases.HomePageTestClass" name="HomePageUrlVerification" time="0.012"/>
  <testcase classname="com.qa.opencart.testcases.HomePageTestClass" name="HomePageTitle" time="0.004"/>
  <testcase classname="com.qa.opencart.testcases.HomePageTestClass" name="HomePageSearch" time="4.363"/>
  <testcase classname="com.qa.opencart.testcases.HomePageTestClass" name="HomePageSearch" time="4.306"/>
  <testcase classname="com.qa.opencart.testcases.HomePageTestClass" name="HomePageSearch" time="4.344"/>
</testsuite> <!-- com.qa.opencart.testcases.HomePageTestClass -->
