<?xml version="1.0" encoding="UTF-8"?>
<!-- Generated by org.testng.reporters.JUnitReportReporter -->
<testsuite hostname="BOKJ8F0-Waqas" failures="0" tests="5" name="com.qa.opencart.testcases.HomePageTestClass" time="15.857" errors="0" timestamp="2025-02-20T12:09:55 PKT" skipped="0">
  <testcase classname="com.qa.opencart.testcases.HomePageTestClass" name="HomePageUrlVerification" time="0.047"/>
  <testcase classname="com.qa.opencart.testcases.HomePageTestClass" name="HomePageTitle" time="0.019"/>
  <testcase classname="com.qa.opencart.testcases.HomePageTestClass" name="HomePageSearch" time="4.673"/>
  <testcase classname="com.qa.opencart.testcases.HomePageTestClass" name="HomePageSearch" time="4.996"/>
  <testcase classname="com.qa.opencart.testcases.HomePageTestClass" name="HomePageSearch" time="6.122"/>
</testsuite> <!-- com.qa.opencart.testcases.HomePageTestClass -->
